Unity Editor version:    2020.3.30f1 (1fb1bf06830e)
Branch:                  2020.3/staging
Build type:              Release
Batch mode:              YES
macOS version:           Version 12.3.1 (Build 21E258)
Darwin version:          21.4.0
Architecture:            x86_64
Running under Rosetta:   YES
Available memory:        8192 MB
Using pre-set license
Pro License: NO

COMMAND LINE ARGUMENTS:
/Applications/Unity/Hub/Editor/2020.3.30f1/Unity.app/Contents/MacOS/Unity
-adb2
-batchMode
-noUpm
-name
AssetImportWorker0
-projectPath
/Users/seoyeong/dev/unity/PickUptheTrash_v2
-logFile
Logs/AssetImportWorker0.log
-srvPort
57502
Successfully changed project path to: /Users/seoyeong/dev/unity/PickUptheTrash_v2
/Users/seoyeong/dev/unity/PickUptheTrash_v2
Using Asset Import Pipeline V2.
Refreshing native plugins compatible for Editor in 36.99 ms, found 2 plugins.
Preloading 0 native plugins for Editor in 0.00 ms.
Initialize engine version: 2020.3.30f1 (1fb1bf06830e)
[Subsystems] Discovering subsystems at path /Applications/Unity/Hub/Editor/2020.3.30f1/Unity.app/Contents/Resources/UnitySubsystems
[Subsystems] Discovering subsystems at path /Users/seoyeong/dev/unity/PickUptheTrash_v2/Assets
GfxDevice: creating device client; threaded=0
2022-04-25 16:05:58.819 Unity[40594:1069289] (null) preferred device: Apple M1 (high power)
2022-04-25 16:05:58.820 Unity[40594:1069289] Metal devices available: 1
2022-04-25 16:05:58.820 Unity[40594:1069289] 0: Apple M1 (high power)
2022-04-25 16:05:58.820 Unity[40594:1069289] Using device Apple M1 (high power)
Initializing Metal device caps: Apple M1
Initialize mono
Mono path[0] = '/Applications/Unity/Hub/Editor/2020.3.30f1/Unity.app/Contents/Managed'
Mono path[1] = '/Applications/Unity/Hub/Editor/2020.3.30f1/Unity.app/Contents/MonoBleedingEdge/lib/mono/unityjit'
Mono config path = '/Applications/Unity/Hub/Editor/2020.3.30f1/Unity.app/Contents/MonoBleedingEdge/etc'
Using monoOptions --debugger-agent=transport=dt_socket,embedding=1,server=y,suspend=n,address=127.0.0.1:56594
Begin MonoManager ReloadAssembly
Registering precompiled unity dll's ...
Register platform support module: /Applications/Unity/Hub/Editor/2020.3.30f1/PlaybackEngines/WebGLSupport/UnityEditor.WebGL.Extensions.dll
Register platform support module: /Applications/Unity/Hub/Editor/2020.3.30f1/Unity.app/Contents/PlaybackEngines/MacStandaloneSupport/UnityEditor.OSXStandalone.Extensions.dll
Registered in 0.002705 seconds.
Native extension for OSXStandalone target not found
Native extension for WebGL target not found
Refreshing native plugins compatible for Editor in 31.21 ms, found 2 plugins.
Preloading 0 native plugins for Editor in 0.00 ms.
Mono: successfully reloaded assembly
- Completed reload, in  1.486 seconds
Domain Reload Profiling:
	ReloadAssembly (1486ms)
		BeginReloadAssembly (125ms)
			ExecutionOrderSort (0ms)
			DisableScriptedObjects (0ms)
			BackupInstance (0ms)
			ReleaseScriptingObjects (0ms)
			CreateAndSetChildDomain (2ms)
		EndReloadAssembly (1224ms)
			LoadAssemblies (124ms)
			RebuildTransferFunctionScriptingTraits (1ms)
			SetupTypeCache (189ms)
			ReleaseScriptCaches (0ms)
			RebuildScriptCaches (45ms)
			SetupLoadedEditorAssemblies (645ms)
				LogAssemblyErrors (0ms)
				InitializePlatformSupportModulesInManaged (16ms)
				SetLoadedEditorAssemblies (1ms)
				RefreshPlugins (31ms)
				BeforeProcessingInitializeOnLoad (110ms)
				ProcessInitializeOnLoadAttributes (374ms)
				ProcessInitializeOnLoadMethodAttributes (113ms)
				AfterProcessingInitializeOnLoad (0ms)
				EditorAssembliesLoaded (1ms)
			ExecutionOrderSort2 (0ms)
			AwakeInstancesAfterBackupRestoration (0ms)
Platform modules already initialized, skipping
Registering precompiled user dll's ...
Registered in 0.001962 seconds.
Begin MonoManager ReloadAssembly
Native extension for OSXStandalone target not found
Native extension for WebGL target not found
Refreshing native plugins compatible for Editor in 0.33 ms, found 2 plugins.
Preloading 0 native plugins for Editor in 0.00 ms.
Mono: successfully reloaded assembly
- Completed reload, in  2.345 seconds
Domain Reload Profiling:
	ReloadAssembly (2350ms)
		BeginReloadAssembly (276ms)
			ExecutionOrderSort (0ms)
			DisableScriptedObjects (29ms)
			BackupInstance (0ms)
			ReleaseScriptingObjects (0ms)
			CreateAndSetChildDomain (35ms)
		EndReloadAssembly (1978ms)
			LoadAssemblies (231ms)
			RebuildTransferFunctionScriptingTraits (0ms)
			SetupTypeCache (308ms)
			ReleaseScriptCaches (0ms)
			RebuildScriptCaches (54ms)
			SetupLoadedEditorAssemblies (1125ms)
				LogAssemblyErrors (0ms)
				InitializePlatformSupportModulesInManaged (19ms)
				SetLoadedEditorAssemblies (2ms)
				RefreshPlugins (0ms)
				BeforeProcessingInitializeOnLoad (249ms)
				ProcessInitializeOnLoadAttributes (823ms)
				ProcessInitializeOnLoadMethodAttributes (31ms)
				AfterProcessingInitializeOnLoad (1ms)
				EditorAssembliesLoaded (1ms)
			ExecutionOrderSort2 (0ms)
			AwakeInstancesAfterBackupRestoration (30ms)
Platform modules already initialized, skipping
Validating Project structure ... 0.004083 seconds.
Shader import version has changed; will reimport all shaders...
Upgrading shader files ...0.003779 seconds.
Application.AssetDatabase Initial Script Refresh Start
RefreshInfo: InitialScriptRefreshV2(NoUpdateAssetOptions) scanfilter:  ... 1 filters
RefreshProfiler: Total: 0.000ms
Application.AssetDatabase Initial Script Refresh End
Application.AssetDatabase.Refresh Start
Application.AssetDatabase.Refresh End
RefreshInfo: StopAssetImportingV2(ForceSynchronousImport) scanfilter: 
RefreshProfiler: Total: 0.000ms
Launching external process: /Applications/Unity/Hub/Editor/2020.3.30f1/Unity.app/Contents/Tools/UnityShaderCompiler
Launched and connected shader compiler UnityShaderCompiler after 0.15 seconds
Initializing Unity extensions:
2022-04-25 16:06:03.692 Unity[40594:1069289] NSEventModifierFlagFunction specified to -setKeyEquivalentModifierMask: for item <NSMenuItem: 0x6000032c5730 Font Asset, ke='Command-F12'>, but is only supported for system-provided menu items; will not be used
2022-04-25 16:06:03.695 Unity[40594:1069289] NSEventModifierFlagFunction specified to -setKeyEquivalentModifierMask: for item <NSMenuItem: 0x6000032b5340 Font Asset, ke='Command-F12'>, but is only supported for system-provided menu items; will not be used
========================================================================
Worker process is ready to serve import requests
Refreshing native plugins compatible for Editor in 0.23 ms, found 2 plugins.
Preloading 0 native plugins for Editor in 0.00 ms.
Unloading 1513 Unused Serialized files (Serialized files now loaded: 0)
System memory in use before: 181.9 MB.
System memory in use after: 181.1 MB.

Unloading 87 unused Assets to reduce memory usage. Loaded Objects now: 1987.
Total: 2.320041 ms (FindLiveObjects: 0.081250 ms CreateObjectMapping: 0.029584 ms MarkObjects: 1.817375 ms  DeleteObjects: 0.391083 ms)

AssetImportParameters requested are different than current active one (requested -> active):
  custom:video-decoder-ogg-theora: a1e56fd34408186e4bbccfd4996cb3dc -> 
  custom:container-muxer-webm: aa71ff27fc2769a1b78a27578f13a17b -> 
  custom:container-demuxer-webm: 4f35f7cbe854078d1ac9338744f61a02 -> 
  custom:container-demuxer-ogg: 62fdf1f143b41e24485cea50d1cbac27 -> 
  custom:video-encoder-webm-vp8: eb34c28f22e8b96e1ab97ce403110664 -> 
  custom:framework-osx-AVFoundation: e770b220cccbd017edd2c1fefb359320 -> 
  custom:video-decoder-webm-vp8: 9c59270c3fd7afecdb556c50c9e8de78 -> 
  custom:audio-decoder-ogg-vorbis: bf7c407c2cedff20999df2af8eb42d56 -> 
  custom:audio-encoder-webm-vorbis: bf7c407c2cedff20999df2af8eb42d56 -> 
========================================================================
Received Import Request.
  path: Assets/Scenes/Part2_Recycling/Recycle.unity
  artifactKey: Guid(222fe6a3456c244e8bd0f4b48c2cf80b) Importer(815301076,1909f56bfc062723c751e8b465ee728b)
Start importing Assets/Scenes/Part2_Recycling/Recycle.unity using Guid(222fe6a3456c244e8bd0f4b48c2cf80b) Importer(815301076,1909f56bfc062723c751e8b465ee728b)  -> (artifact id: '04d5e789013d04a83c6744513c6e25a6') in 0.020505 seconds 
========================================================================
Received Import Request.
  Time since last request: 118.036271 seconds.
  path: Assets/Prefabs/TrashBin
  artifactKey: Guid(4747ed185d47d4b3f8990e12c7c05afb) Importer(815301076,1909f56bfc062723c751e8b465ee728b)
Start importing Assets/Prefabs/TrashBin using Guid(4747ed185d47d4b3f8990e12c7c05afb) Importer(815301076,1909f56bfc062723c751e8b465ee728b)  -> (artifact id: '7be9a415f1c923494d5792b494803b52') in 0.002151 seconds 
========================================================================
Received Import Request.
  Time since last request: 1.570833 seconds.
  path: Assets/Prefabs/TrashBin/Dumpsters
  artifactKey: Guid(a5af48ec7a7c344f497d7340f35f2de9) Importer(815301076,1909f56bfc062723c751e8b465ee728b)
Start importing Assets/Prefabs/TrashBin/Dumpsters using Guid(a5af48ec7a7c344f497d7340f35f2de9) Importer(815301076,1909f56bfc062723c751e8b465ee728b)  -> (artifact id: 'ea4dcf0ba1e62c694e10f1a6c74171d9') in 0.001537 seconds 
========================================================================
Received Import Request.
  Time since last request: 2.143230 seconds.
  path: Assets/Prefabs/TrashBin/Dumpsters/Prefabs
  artifactKey: Guid(df1273bb843991547812418b76f745c3) Importer(815301076,1909f56bfc062723c751e8b465ee728b)
Start importing Assets/Prefabs/TrashBin/Dumpsters/Prefabs using Guid(df1273bb843991547812418b76f745c3) Importer(815301076,1909f56bfc062723c751e8b465ee728b)  -> (artifact id: '1bdc450c69a88291d3296c3c68265e31') in 0.001939 seconds 
========================================================================
Received Import Request.
  Time since last request: 0.103873 seconds.
  path: Assets/Prefabs/TrashBin/Dumpsters/Prefabs/Dumpster_A1_Blue.prefab
  artifactKey: Guid(3762d61a4f5cf9b4989938db39d8343e) Importer(815301076,1909f56bfc062723c751e8b465ee728b)
Start importing Assets/Prefabs/TrashBin/Dumpsters/Prefabs/Dumpster_A1_Blue.prefab using Guid(3762d61a4f5cf9b4989938db39d8343e) Importer(815301076,1909f56bfc062723c751e8b465ee728b)  -> (artifact id: 'e572e4e55b6049b9f9aa7a3a4f369bee') in 1.557034 seconds 
========================================================================
Received Import Request.
  Time since last request: 0.000213 seconds.
  path: Assets/Prefabs/TrashBin/Dumpsters/Prefabs/Dumpster_A1_Red.prefab
  artifactKey: Guid(e22baf4f271cff6499d9704eaea3b475) Importer(815301076,1909f56bfc062723c751e8b465ee728b)
Start importing Assets/Prefabs/TrashBin/Dumpsters/Prefabs/Dumpster_A1_Red.prefab using Guid(e22baf4f271cff6499d9704eaea3b475) Importer(815301076,1909f56bfc062723c751e8b465ee728b)  -> (artifact id: '5d4af23002c59bcf145b594df5c3d9d8') in 0.030587 seconds 
========================================================================
Received Import Request.
  Time since last request: 0.000187 seconds.
  path: Assets/Prefabs/TrashBin/Dumpsters/Prefabs/Dumpster_A1_Gray.prefab
  artifactKey: Guid(3bb0bf56d4b652b4a889365b33cabe12) Importer(815301076,1909f56bfc062723c751e8b465ee728b)
Start importing Assets/Prefabs/TrashBin/Dumpsters/Prefabs/Dumpster_A1_Gray.prefab using Guid(3bb0bf56d4b652b4a889365b33cabe12) Importer(815301076,1909f56bfc062723c751e8b465ee728b)  -> (artifact id: 'd0436b1208b0d65e5a85bb9d9ab69e22') in 0.015105 seconds 
========================================================================
Received Import Request.
  Time since last request: 0.000207 seconds.
  path: Assets/Prefabs/TrashBin/Dumpsters/Prefabs/Dumpster_A1_Green.prefab
  artifactKey: Guid(dd47a2c9022742141904915f8065d0ad) Importer(815301076,1909f56bfc062723c751e8b465ee728b)
Start importing Assets/Prefabs/TrashBin/Dumpsters/Prefabs/Dumpster_A1_Green.prefab using Guid(dd47a2c9022742141904915f8065d0ad) Importer(815301076,1909f56bfc062723c751e8b465ee728b)  -> (artifact id: 'dfb3090b47c6c5698349612c2100e21a') in 0.015754 seconds 
========================================================================
Received Import Request.
  Time since last request: 0.000201 seconds.
  path: Assets/Prefabs/TrashBin/Dumpsters/Prefabs/Dumpster_A_Damaged 1.prefab
  artifactKey: Guid(32b90890120bb6f4fa00107b9a3447e2) Importer(815301076,1909f56bfc062723c751e8b465ee728b)
Start importing Assets/Prefabs/TrashBin/Dumpsters/Prefabs/Dumpster_A_Damaged 1.prefab using Guid(32b90890120bb6f4fa00107b9a3447e2) Importer(815301076,1909f56bfc062723c751e8b465ee728b)  -> (artifact id: 'db1599d6f8ac70b331e6b58ffe7bd9f1') in 0.016932 seconds 
========================================================================
Received Import Request.
  Time since last request: 0.000173 seconds.
  path: Assets/Prefabs/TrashBin/Dumpsters/Prefabs/Dumpster_A1_Yellow.prefab
  artifactKey: Guid(64c361e79d93bca4ea14d3e190ea8ba7) Importer(815301076,1909f56bfc062723c751e8b465ee728b)
Start importing Assets/Prefabs/TrashBin/Dumpsters/Prefabs/Dumpster_A1_Yellow.prefab using Guid(64c361e79d93bca4ea14d3e190ea8ba7) Importer(815301076,1909f56bfc062723c751e8b465ee728b)  -> (artifact id: '8f7fdcba08dfb8a6c601e904fd358d2b') in 0.015746 seconds 
========================================================================
Received Import Request.
  Time since last request: 16.374376 seconds.
  path: Assets/Prefabs/TrashBin/SpaceZeta_PlasticTrashBins/Prefabs
  artifactKey: Guid(1ed2c6f77f395fe4c9407c9586e5e897) Importer(815301076,1909f56bfc062723c751e8b465ee728b)
Start importing Assets/Prefabs/TrashBin/SpaceZeta_PlasticTrashBins/Prefabs using Guid(1ed2c6f77f395fe4c9407c9586e5e897) Importer(815301076,1909f56bfc062723c751e8b465ee728b)  -> (artifact id: 'cafa876d7aa760e9ba290e95b0987145') in 0.001753 seconds 
========================================================================
Received Import Request.
  Time since last request: 0.052377 seconds.
  path: Assets/Prefabs/TrashBin/SpaceZeta_PlasticTrashBins/Prefabs/TrashbinBlue.prefab
  artifactKey: Guid(3773d0ae256dc594ea12defa93a67c26) Importer(815301076,1909f56bfc062723c751e8b465ee728b)
Start importing Assets/Prefabs/TrashBin/SpaceZeta_PlasticTrashBins/Prefabs/TrashbinBlue.prefab using Guid(3773d0ae256dc594ea12defa93a67c26) Importer(815301076,1909f56bfc062723c751e8b465ee728b)  -> (artifact id: '545b718c8206e9dd01a908fc0c650d9d') in 0.305959 seconds 
========================================================================
Received Import Request.
  Time since last request: 0.000215 seconds.
  path: Assets/Prefabs/TrashBin/SpaceZeta_PlasticTrashBins/Prefabs/TrashbinGreen.prefab
  artifactKey: Guid(1a570f403ac9fbc439ef2f8f8fbaed19) Importer(815301076,1909f56bfc062723c751e8b465ee728b)
Start importing Assets/Prefabs/TrashBin/SpaceZeta_PlasticTrashBins/Prefabs/TrashbinGreen.prefab using Guid(1a570f403ac9fbc439ef2f8f8fbaed19) Importer(815301076,1909f56bfc062723c751e8b465ee728b)  -> (artifact id: '82fe74d127fbdfc4642071661ba937e2') in 0.017702 seconds 
========================================================================
Received Import Request.
  Time since last request: 0.000174 seconds.
  path: Assets/Prefabs/TrashBin/SpaceZeta_PlasticTrashBins/Prefabs/TrashbinRed.prefab
  artifactKey: Guid(0f7b3117c02f5a34591d7757a1876e31) Importer(815301076,1909f56bfc062723c751e8b465ee728b)
Start importing Assets/Prefabs/TrashBin/SpaceZeta_PlasticTrashBins/Prefabs/TrashbinRed.prefab using Guid(0f7b3117c02f5a34591d7757a1876e31) Importer(815301076,1909f56bfc062723c751e8b465ee728b)  -> (artifact id: '6d3bcc62327192506ae15a63d27b1e61') in 0.018484 seconds 
========================================================================
Received Import Request.
  Time since last request: 0.000213 seconds.
  path: Assets/Prefabs/TrashBin/SpaceZeta_PlasticTrashBins/Prefabs/TrashbinYellow.prefab
  artifactKey: Guid(8d1264d958f92714c81f3d43e933b4b7) Importer(815301076,1909f56bfc062723c751e8b465ee728b)
Start importing Assets/Prefabs/TrashBin/SpaceZeta_PlasticTrashBins/Prefabs/TrashbinYellow.prefab using Guid(8d1264d958f92714c81f3d43e933b4b7) Importer(815301076,1909f56bfc062723c751e8b465ee728b)  -> (artifact id: '09222955462b7e1c89ad504ba7f0880b') in 0.017554 seconds 
========================================================================
Received Import Request.
  Time since last request: 81.069615 seconds.
  path: Assets/Prefabs/TrashbinBlue.prefab
  artifactKey: Guid(c9105bc83f12c44a59743c18b0ffbc1f) Importer(815301076,1909f56bfc062723c751e8b465ee728b)
Start importing Assets/Prefabs/TrashbinBlue.prefab using Guid(c9105bc83f12c44a59743c18b0ffbc1f) Importer(815301076,1909f56bfc062723c751e8b465ee728b)  -> (artifact id: '2bdf657dd832e9148902ea8be4f06e17') in 0.061700 seconds 
========================================================================
Received Import Request.
  Time since last request: 4.911050 seconds.
  path: Assets/Prefabs/TrashbinGreen.prefab
  artifactKey: Guid(a187178c0839e407c8eb8b9b747ad9c3) Importer(815301076,1909f56bfc062723c751e8b465ee728b)
Start importing Assets/Prefabs/TrashbinGreen.prefab using Guid(a187178c0839e407c8eb8b9b747ad9c3) Importer(815301076,1909f56bfc062723c751e8b465ee728b)  -> (artifact id: '1b23c2722a9c7b75fb8ddd23c85cf464') in 0.019249 seconds 
========================================================================
Received Import Request.
  Time since last request: 3.694956 seconds.
  path: Assets/Prefabs/TrashbinRed.prefab
  artifactKey: Guid(b3caf4e5d93db40279895c9dc1051390) Importer(815301076,1909f56bfc062723c751e8b465ee728b)
Start importing Assets/Prefabs/TrashbinRed.prefab using Guid(b3caf4e5d93db40279895c9dc1051390) Importer(815301076,1909f56bfc062723c751e8b465ee728b)  -> (artifact id: 'a499d5fc15b151773e98919348e19303') in 0.020361 seconds 
========================================================================
Received Import Request.
  Time since last request: 3.843187 seconds.
  path: Assets/Prefabs/TrashbinYellow.prefab
  artifactKey: Guid(419b8526a65a74414a364e136352f2c2) Importer(815301076,1909f56bfc062723c751e8b465ee728b)
Start importing Assets/Prefabs/TrashbinYellow.prefab using Guid(419b8526a65a74414a364e136352f2c2) Importer(815301076,1909f56bfc062723c751e8b465ee728b)  -> (artifact id: '0c8f4c98932e8c2b71a43ee2f789ca06') in 0.020386 seconds 
========================================================================
Received Import Request.
  Time since last request: 67.992718 seconds.
  path: Assets/Prefabs/Cola Can.prefab
  artifactKey: Guid(4835b690007b64fc2b72bcb50ad6a9cd) Importer(815301076,1909f56bfc062723c751e8b465ee728b)
Start importing Assets/Prefabs/Cola Can.prefab using Guid(4835b690007b64fc2b72bcb50ad6a9cd) Importer(815301076,1909f56bfc062723c751e8b465ee728b)  -> (artifact id: '3c4fc7f5b4908d7f4c4f0fa8cafc8ec2') in 0.063995 seconds 
========================================================================
Received Import Request.
  Time since last request: 68.818804 seconds.
  path: Assets/Scripts/Part2_Recycling/MakeTrash.cs
  artifactKey: Guid(c4a084359223446f5af9c239a674e5a7) Importer(815301076,1909f56bfc062723c751e8b465ee728b)
Start importing Assets/Scripts/Part2_Recycling/MakeTrash.cs using Guid(c4a084359223446f5af9c239a674e5a7) Importer(815301076,1909f56bfc062723c751e8b465ee728b)  -> (artifact id: 'e12dc6261c19a9ed52f56a266aa749a3') in 1.017422 seconds 
========================================================================
Received Import Request.
  Time since last request: 68.841266 seconds.
  path: ProjectSettings/TagManager.asset
  artifactKey: Guid(00000000000000003000000000000000) Importer(815301076,1909f56bfc062723c751e8b465ee728b)
Start importing ProjectSettings/TagManager.asset using Guid(00000000000000003000000000000000) Importer(815301076,1909f56bfc062723c751e8b465ee728b)  -> (artifact id: 'ce6a35c3cddc746e7501c0bd0ed6d4ce') in 0.102844 seconds 
========================================================================
Received Import Request.
  Time since last request: 918.609319 seconds.
  path: Assets/Scripts/Part2_Recycling/MakeTrash.cs
  artifactKey: Guid(c4a084359223446f5af9c239a674e5a7) Importer(815301076,1909f56bfc062723c751e8b465ee728b)
Start importing Assets/Scripts/Part2_Recycling/MakeTrash.cs using Guid(c4a084359223446f5af9c239a674e5a7) Importer(815301076,1909f56bfc062723c751e8b465ee728b)  -> (artifact id: '2b573eb480e88134e513f0634e4e3782') in 0.015436 seconds 
========================================================================
Received Prepare
Registering precompiled user dll's ...
Registered in 0.001463 seconds.
Begin MonoManager ReloadAssembly
Native extension for OSXStandalone target not found
Native extension for WebGL target not found
Refreshing native plugins compatible for Editor in 0.34 ms, found 2 plugins.
Preloading 0 native plugins for Editor in 0.00 ms.
2022-04-25 16:28:54.194 Unity[40594:1069289] NSEventModifierFlagFunction specified to -setKeyEquivalentModifierMask: for item <NSMenuItem: 0x6000032bb5d0 Font Asset, ke='Command-F12'>, but is only supported for system-provided menu items; will not be used
Mono: successfully reloaded assembly
- Completed reload, in  2.710 seconds
Domain Reload Profiling:
	ReloadAssembly (2712ms)
		BeginReloadAssembly (373ms)
			ExecutionOrderSort (0ms)
			DisableScriptedObjects (62ms)
			BackupInstance (0ms)
			ReleaseScriptingObjects (0ms)
			CreateAndSetChildDomain (143ms)
		EndReloadAssembly (2232ms)
			LoadAssemblies (253ms)
			RebuildTransferFunctionScriptingTraits (0ms)
			SetupTypeCache (309ms)
			ReleaseScriptCaches (1ms)
			RebuildScriptCaches (58ms)
			SetupLoadedEditorAssemblies (1338ms)
				LogAssemblyErrors (0ms)
				InitializePlatformSupportModulesInManaged (22ms)
				SetLoadedEditorAssemblies (2ms)
				RefreshPlugins (0ms)
				BeforeProcessingInitializeOnLoad (386ms)
				ProcessInitializeOnLoadAttributes (897ms)
				ProcessInitializeOnLoadMethodAttributes (29ms)
				AfterProcessingInitializeOnLoad (1ms)
				EditorAssembliesLoaded (1ms)
			ExecutionOrderSort2 (0ms)
			AwakeInstancesAfterBackupRestoration (34ms)
Platform modules already initialized, skipping
Refreshing native plugins compatible for Editor in 0.32 ms, found 2 plugins.
Preloading 0 native plugins for Editor in 0.00 ms.
Unloading 1506 Unused Serialized files (Serialized files now loaded: 0)
System memory in use before: 193.7 MB.
System memory in use after: 193.8 MB.

Unloading 13 unused Assets to reduce memory usage. Loaded Objects now: 1997.
Total: 3.089792 ms (FindLiveObjects: 0.081292 ms CreateObjectMapping: 0.030541 ms MarkObjects: 2.951917 ms  DeleteObjects: 0.025041 ms)

AssetImportParameters requested are different than current active one (requested -> active):
  custom:video-decoder-ogg-theora: a1e56fd34408186e4bbccfd4996cb3dc -> 
  custom:container-muxer-webm: aa71ff27fc2769a1b78a27578f13a17b -> 
  custom:container-demuxer-webm: 4f35f7cbe854078d1ac9338744f61a02 -> 
  custom:container-demuxer-ogg: 62fdf1f143b41e24485cea50d1cbac27 -> 
  custom:video-encoder-webm-vp8: eb34c28f22e8b96e1ab97ce403110664 -> 
  custom:framework-osx-AVFoundation: e770b220cccbd017edd2c1fefb359320 -> 
  custom:video-decoder-webm-vp8: 9c59270c3fd7afecdb556c50c9e8de78 -> 
  custom:audio-decoder-ogg-vorbis: bf7c407c2cedff20999df2af8eb42d56 -> 
  custom:audio-encoder-webm-vorbis: bf7c407c2cedff20999df2af8eb42d56 -> 
========================================================================
Received Prepare
Registering precompiled user dll's ...
Registered in 0.002132 seconds.
Begin MonoManager ReloadAssembly
Native extension for OSXStandalone target not found
Native extension for WebGL target not found
Refreshing native plugins compatible for Editor in 0.58 ms, found 2 plugins.
Preloading 0 native plugins for Editor in 0.00 ms.
2022-04-25 16:29:36.970 Unity[40594:1069289] NSEventModifierFlagFunction specified to -setKeyEquivalentModifierMask: for item <NSMenuItem: 0x6000032e5810 Font Asset, ke='Command-F12'>, but is only supported for system-provided menu items; will not be used
Mono: successfully reloaded assembly
- Completed reload, in  2.837 seconds
Domain Reload Profiling:
	ReloadAssembly (2838ms)
		BeginReloadAssembly (398ms)
			ExecutionOrderSort (0ms)
			DisableScriptedObjects (34ms)
			BackupInstance (0ms)
			ReleaseScriptingObjects (0ms)
			CreateAndSetChildDomain (164ms)
		EndReloadAssembly (2332ms)
			LoadAssemblies (315ms)
			RebuildTransferFunctionScriptingTraits (0ms)
			SetupTypeCache (323ms)
			ReleaseScriptCaches (4ms)
			RebuildScriptCaches (63ms)
			SetupLoadedEditorAssemblies (1341ms)
				LogAssemblyErrors (0ms)
				InitializePlatformSupportModulesInManaged (22ms)
				SetLoadedEditorAssemblies (2ms)
				RefreshPlugins (1ms)
				BeforeProcessingInitializeOnLoad (321ms)
				ProcessInitializeOnLoadAttributes (965ms)
				ProcessInitializeOnLoadMethodAttributes (30ms)
				AfterProcessingInitializeOnLoad (1ms)
				EditorAssembliesLoaded (1ms)
			ExecutionOrderSort2 (0ms)
			AwakeInstancesAfterBackupRestoration (36ms)
Platform modules already initialized, skipping
Refreshing native plugins compatible for Editor in 0.30 ms, found 2 plugins.
Preloading 0 native plugins for Editor in 0.00 ms.
Unloading 1506 Unused Serialized files (Serialized files now loaded: 0)
System memory in use before: 193.9 MB.
System memory in use after: 194.0 MB.

Unloading 11 unused Assets to reduce memory usage. Loaded Objects now: 1999.
Total: 2.605541 ms (FindLiveObjects: 0.124000 ms CreateObjectMapping: 0.069750 ms MarkObjects: 2.372917 ms  DeleteObjects: 0.037792 ms)

AssetImportParameters requested are different than current active one (requested -> active):
  custom:video-decoder-ogg-theora: a1e56fd34408186e4bbccfd4996cb3dc -> 
  custom:container-muxer-webm: aa71ff27fc2769a1b78a27578f13a17b -> 
  custom:container-demuxer-webm: 4f35f7cbe854078d1ac9338744f61a02 -> 
  custom:container-demuxer-ogg: 62fdf1f143b41e24485cea50d1cbac27 -> 
  custom:video-encoder-webm-vp8: eb34c28f22e8b96e1ab97ce403110664 -> 
  custom:framework-osx-AVFoundation: e770b220cccbd017edd2c1fefb359320 -> 
  custom:video-decoder-webm-vp8: 9c59270c3fd7afecdb556c50c9e8de78 -> 
  custom:audio-decoder-ogg-vorbis: bf7c407c2cedff20999df2af8eb42d56 -> 
  custom:audio-encoder-webm-vorbis: bf7c407c2cedff20999df2af8eb42d56 -> 
========================================================================
Received Prepare
Registering precompiled user dll's ...
Registered in 0.001282 seconds.
Begin MonoManager ReloadAssembly
Native extension for OSXStandalone target not found
Native extension for WebGL target not found
Refreshing native plugins compatible for Editor in 0.35 ms, found 2 plugins.
Preloading 0 native plugins for Editor in 0.00 ms.
2022-04-25 16:29:44.062 Unity[40594:1069289] NSEventModifierFlagFunction specified to -setKeyEquivalentModifierMask: for item <NSMenuItem: 0x6000032f2370 Font Asset, ke='Command-F12'>, but is only supported for system-provided menu items; will not be used
Mono: successfully reloaded assembly
- Completed reload, in  2.523 seconds
Domain Reload Profiling:
	ReloadAssembly (2524ms)
		BeginReloadAssembly (254ms)
			ExecutionOrderSort (0ms)
			DisableScriptedObjects (35ms)
			BackupInstance (0ms)
			ReleaseScriptingObjects (0ms)
			CreateAndSetChildDomain (92ms)
		EndReloadAssembly (2167ms)
			LoadAssemblies (232ms)
			RebuildTransferFunctionScriptingTraits (0ms)
			SetupTypeCache (310ms)
			ReleaseScriptCaches (1ms)
			RebuildScriptCaches (54ms)
			SetupLoadedEditorAssemblies (1274ms)
				LogAssemblyErrors (0ms)
				InitializePlatformSupportModulesInManaged (21ms)
				SetLoadedEditorAssemblies (2ms)
				RefreshPlugins (0ms)
				BeforeProcessingInitializeOnLoad (304ms)
				ProcessInitializeOnLoadAttributes (913ms)
				ProcessInitializeOnLoadMethodAttributes (33ms)
				AfterProcessingInitializeOnLoad (1ms)
				EditorAssembliesLoaded (1ms)
			ExecutionOrderSort2 (0ms)
			AwakeInstancesAfterBackupRestoration (37ms)
Platform modules already initialized, skipping
Refreshing native plugins compatible for Editor in 0.30 ms, found 2 plugins.
Preloading 0 native plugins for Editor in 0.00 ms.
Unloading 1506 Unused Serialized files (Serialized files now loaded: 0)
System memory in use before: 194.0 MB.
System memory in use after: 194.2 MB.

Unloading 11 unused Assets to reduce memory usage. Loaded Objects now: 2001.
Total: 2.019459 ms (FindLiveObjects: 0.076458 ms CreateObjectMapping: 0.030292 ms MarkObjects: 1.886834 ms  DeleteObjects: 0.025000 ms)

AssetImportParameters requested are different than current active one (requested -> active):
  custom:video-decoder-ogg-theora: a1e56fd34408186e4bbccfd4996cb3dc -> 
  custom:container-muxer-webm: aa71ff27fc2769a1b78a27578f13a17b -> 
  custom:container-demuxer-webm: 4f35f7cbe854078d1ac9338744f61a02 -> 
  custom:container-demuxer-ogg: 62fdf1f143b41e24485cea50d1cbac27 -> 
  custom:video-encoder-webm-vp8: eb34c28f22e8b96e1ab97ce403110664 -> 
  custom:framework-osx-AVFoundation: e770b220cccbd017edd2c1fefb359320 -> 
  custom:video-decoder-webm-vp8: 9c59270c3fd7afecdb556c50c9e8de78 -> 
  custom:audio-decoder-ogg-vorbis: bf7c407c2cedff20999df2af8eb42d56 -> 
  custom:audio-encoder-webm-vorbis: bf7c407c2cedff20999df2af8eb42d56 -> 
========================================================================
Received Prepare
Registering precompiled user dll's ...
Registered in 0.004402 seconds.
Begin MonoManager ReloadAssembly
Native extension for OSXStandalone target not found
Native extension for WebGL target not found
Refreshing native plugins compatible for Editor in 0.29 ms, found 2 plugins.
Preloading 0 native plugins for Editor in 0.00 ms.
2022-04-25 16:30:39.803 Unity[40594:1069289] NSEventModifierFlagFunction specified to -setKeyEquivalentModifierMask: for item <NSMenuItem: 0x6000032ed810 Font Asset, ke='Command-F12'>, but is only supported for system-provided menu items; will not be used
Mono: successfully reloaded assembly
- Completed reload, in  2.442 seconds
Domain Reload Profiling:
	ReloadAssembly (2444ms)
		BeginReloadAssembly (275ms)
			ExecutionOrderSort (0ms)
			DisableScriptedObjects (35ms)
			BackupInstance (0ms)
			ReleaseScriptingObjects (0ms)
			CreateAndSetChildDomain (91ms)
		EndReloadAssembly (2064ms)
			LoadAssemblies (262ms)
			RebuildTransferFunctionScriptingTraits (0ms)
			SetupTypeCache (308ms)
			ReleaseScriptCaches (1ms)
			RebuildScriptCaches (51ms)
			SetupLoadedEditorAssemblies (1178ms)
				LogAssemblyErrors (0ms)
				InitializePlatformSupportModulesInManaged (20ms)
				SetLoadedEditorAssemblies (2ms)
				RefreshPlugins (0ms)
				BeforeProcessingInitializeOnLoad (295ms)
				ProcessInitializeOnLoadAttributes (831ms)
				ProcessInitializeOnLoadMethodAttributes (30ms)
				AfterProcessingInitializeOnLoad (1ms)
				EditorAssembliesLoaded (1ms)
			ExecutionOrderSort2 (0ms)
			AwakeInstancesAfterBackupRestoration (34ms)
Platform modules already initialized, skipping
Refreshing native plugins compatible for Editor in 0.27 ms, found 2 plugins.
Preloading 0 native plugins for Editor in 0.00 ms.
Unloading 1506 Unused Serialized files (Serialized files now loaded: 0)
System memory in use before: 194.2 MB.
System memory in use after: 194.3 MB.

Unloading 11 unused Assets to reduce memory usage. Loaded Objects now: 2003.
Total: 1.861542 ms (FindLiveObjects: 0.067625 ms CreateObjectMapping: 0.029333 ms MarkObjects: 1.745208 ms  DeleteObjects: 0.018709 ms)

AssetImportParameters requested are different than current active one (requested -> active):
  custom:video-decoder-ogg-theora: a1e56fd34408186e4bbccfd4996cb3dc -> 
  custom:container-muxer-webm: aa71ff27fc2769a1b78a27578f13a17b -> 
  custom:container-demuxer-webm: 4f35f7cbe854078d1ac9338744f61a02 -> 
  custom:container-demuxer-ogg: 62fdf1f143b41e24485cea50d1cbac27 -> 
  custom:video-encoder-webm-vp8: eb34c28f22e8b96e1ab97ce403110664 -> 
  custom:framework-osx-AVFoundation: e770b220cccbd017edd2c1fefb359320 -> 
  custom:video-decoder-webm-vp8: 9c59270c3fd7afecdb556c50c9e8de78 -> 
  custom:audio-decoder-ogg-vorbis: bf7c407c2cedff20999df2af8eb42d56 -> 
  custom:audio-encoder-webm-vorbis: bf7c407c2cedff20999df2af8eb42d56 -> 
========================================================================
Received Import Request.
  Time since last request: 194.640317 seconds.
  path: Assets/Scenes/Part2_Recycling/Recycle.unity
  artifactKey: Guid(222fe6a3456c244e8bd0f4b48c2cf80b) Importer(815301076,1909f56bfc062723c751e8b465ee728b)
Start importing Assets/Scenes/Part2_Recycling/Recycle.unity using Guid(222fe6a3456c244e8bd0f4b48c2cf80b) Importer(815301076,1909f56bfc062723c751e8b465ee728b)  -> (artifact id: 'bab27750dea2d20d68fe1d6bf0469b66') in 0.068181 seconds 
========================================================================
Received Prepare
Registering precompiled user dll's ...
Registered in 0.002586 seconds.
Begin MonoManager ReloadAssembly
Native extension for OSXStandalone target not found
Native extension for WebGL target not found
Refreshing native plugins compatible for Editor in 0.35 ms, found 2 plugins.
Preloading 0 native plugins for Editor in 0.00 ms.
2022-04-25 16:32:56.225 Unity[40594:1069289] NSEventModifierFlagFunction specified to -setKeyEquivalentModifierMask: for item <NSMenuItem: 0x6000032b20d0 Font Asset, ke='Command-F12'>, but is only supported for system-provided menu items; will not be used
Mono: successfully reloaded assembly
- Completed reload, in  2.661 seconds
Domain Reload Profiling:
	ReloadAssembly (2662ms)
		BeginReloadAssembly (355ms)
			ExecutionOrderSort (0ms)
			DisableScriptedObjects (39ms)
			BackupInstance (0ms)
			ReleaseScriptingObjects (0ms)
			CreateAndSetChildDomain (113ms)
		EndReloadAssembly (2199ms)
			LoadAssemblies (313ms)
			RebuildTransferFunctionScriptingTraits (0ms)
			SetupTypeCache (321ms)
			ReleaseScriptCaches (1ms)
			RebuildScriptCaches (55ms)
			SetupLoadedEditorAssemblies (1279ms)
				LogAssemblyErrors (0ms)
				InitializePlatformSupportModulesInManaged (23ms)
				SetLoadedEditorAssemblies (1ms)
				RefreshPlugins (0ms)
				BeforeProcessingInitializeOnLoad (326ms)
				ProcessInitializeOnLoadAttributes (895ms)
				ProcessInitializeOnLoadMethodAttributes (30ms)
				AfterProcessingInitializeOnLoad (1ms)
				EditorAssembliesLoaded (1ms)
			ExecutionOrderSort2 (0ms)
			AwakeInstancesAfterBackupRestoration (31ms)
Platform modules already initialized, skipping
Refreshing native plugins compatible for Editor in 0.32 ms, found 2 plugins.
Preloading 0 native plugins for Editor in 0.00 ms.
Unloading 1506 Unused Serialized files (Serialized files now loaded: 0)
System memory in use before: 194.4 MB.
System memory in use after: 194.5 MB.

Unloading 11 unused Assets to reduce memory usage. Loaded Objects now: 2005.
Total: 2.010750 ms (FindLiveObjects: 0.071000 ms CreateObjectMapping: 0.032917 ms MarkObjects: 1.877791 ms  DeleteObjects: 0.028333 ms)

AssetImportParameters requested are different than current active one (requested -> active):
  custom:video-decoder-ogg-theora: a1e56fd34408186e4bbccfd4996cb3dc -> 
  custom:container-muxer-webm: aa71ff27fc2769a1b78a27578f13a17b -> 
  custom:container-demuxer-webm: 4f35f7cbe854078d1ac9338744f61a02 -> 
  custom:container-demuxer-ogg: 62fdf1f143b41e24485cea50d1cbac27 -> 
  custom:video-encoder-webm-vp8: eb34c28f22e8b96e1ab97ce403110664 -> 
  custom:framework-osx-AVFoundation: e770b220cccbd017edd2c1fefb359320 -> 
  custom:video-decoder-webm-vp8: 9c59270c3fd7afecdb556c50c9e8de78 -> 
  custom:audio-decoder-ogg-vorbis: bf7c407c2cedff20999df2af8eb42d56 -> 
  custom:audio-encoder-webm-vorbis: bf7c407c2cedff20999df2af8eb42d56 -> 
========================================================================
Received Prepare
Registering precompiled user dll's ...
Registered in 0.001062 seconds.
Begin MonoManager ReloadAssembly
Native extension for OSXStandalone target not found
Native extension for WebGL target not found
Refreshing native plugins compatible for Editor in 0.34 ms, found 2 plugins.
Preloading 0 native plugins for Editor in 0.00 ms.
2022-04-25 16:33:02.165 Unity[40594:1069289] NSEventModifierFlagFunction specified to -setKeyEquivalentModifierMask: for item <NSMenuItem: 0x6000032b4e70 Font Asset, ke='Command-F12'>, but is only supported for system-provided menu items; will not be used
Mono: successfully reloaded assembly
- Completed reload, in  2.418 seconds
Domain Reload Profiling:
	ReloadAssembly (2419ms)
		BeginReloadAssembly (215ms)
			ExecutionOrderSort (0ms)
			DisableScriptedObjects (30ms)
			BackupInstance (0ms)
			ReleaseScriptingObjects (0ms)
			CreateAndSetChildDomain (66ms)
		EndReloadAssembly (2103ms)
			LoadAssemblies (225ms)
			RebuildTransferFunctionScriptingTraits (0ms)
			SetupTypeCache (308ms)
			ReleaseScriptCaches (1ms)
			RebuildScriptCaches (55ms)
			SetupLoadedEditorAssemblies (1223ms)
				LogAssemblyErrors (0ms)
				InitializePlatformSupportModulesInManaged (19ms)
				SetLoadedEditorAssemblies (2ms)
				RefreshPlugins (0ms)
				BeforeProcessingInitializeOnLoad (301ms)
				ProcessInitializeOnLoadAttributes (871ms)
				ProcessInitializeOnLoadMethodAttributes (29ms)
				AfterProcessingInitializeOnLoad (1ms)
				EditorAssembliesLoaded (1ms)
			ExecutionOrderSort2 (0ms)
			AwakeInstancesAfterBackupRestoration (33ms)
Platform modules already initialized, skipping
Refreshing native plugins compatible for Editor in 0.30 ms, found 2 plugins.
Preloading 0 native plugins for Editor in 0.00 ms.
Unloading 1506 Unused Serialized files (Serialized files now loaded: 0)
System memory in use before: 194.5 MB.
System memory in use after: 194.6 MB.

Unloading 11 unused Assets to reduce memory usage. Loaded Objects now: 2007.
Total: 1.988625 ms (FindLiveObjects: 0.073542 ms CreateObjectMapping: 0.030625 ms MarkObjects: 1.866750 ms  DeleteObjects: 0.016834 ms)

AssetImportParameters requested are different than current active one (requested -> active):
  custom:video-decoder-ogg-theora: a1e56fd34408186e4bbccfd4996cb3dc -> 
  custom:container-muxer-webm: aa71ff27fc2769a1b78a27578f13a17b -> 
  custom:container-demuxer-webm: 4f35f7cbe854078d1ac9338744f61a02 -> 
  custom:container-demuxer-ogg: 62fdf1f143b41e24485cea50d1cbac27 -> 
  custom:video-encoder-webm-vp8: eb34c28f22e8b96e1ab97ce403110664 -> 
  custom:framework-osx-AVFoundation: e770b220cccbd017edd2c1fefb359320 -> 
  custom:video-decoder-webm-vp8: 9c59270c3fd7afecdb556c50c9e8de78 -> 
  custom:audio-decoder-ogg-vorbis: bf7c407c2cedff20999df2af8eb42d56 -> 
  custom:audio-encoder-webm-vorbis: bf7c407c2cedff20999df2af8eb42d56 -> 
========================================================================
Received Prepare
Registering precompiled user dll's ...
Registered in 0.006470 seconds.
Begin MonoManager ReloadAssembly
Native extension for OSXStandalone target not found
Native extension for WebGL target not found
Refreshing native plugins compatible for Editor in 0.41 ms, found 2 plugins.
Preloading 0 native plugins for Editor in 0.00 ms.
2022-04-25 16:34:05.005 Unity[40594:1069289] NSEventModifierFlagFunction specified to -setKeyEquivalentModifierMask: for item <NSMenuItem: 0x6000032bd180 Font Asset, ke='Command-F12'>, but is only supported for system-provided menu items; will not be used
Mono: successfully reloaded assembly
- Completed reload, in  2.517 seconds
Domain Reload Profiling:
	ReloadAssembly (2519ms)
		BeginReloadAssembly (276ms)
			ExecutionOrderSort (0ms)
			DisableScriptedObjects (37ms)
			BackupInstance (0ms)
			ReleaseScriptingObjects (0ms)
			CreateAndSetChildDomain (87ms)
		EndReloadAssembly (2144ms)
			LoadAssemblies (257ms)
			RebuildTransferFunctionScriptingTraits (0ms)
			SetupTypeCache (297ms)
			ReleaseScriptCaches (1ms)
			RebuildScriptCaches (52ms)
			SetupLoadedEditorAssemblies (1267ms)
				LogAssemblyErrors (0ms)
				InitializePlatformSupportModulesInManaged (22ms)
				SetLoadedEditorAssemblies (2ms)
				RefreshPlugins (0ms)
				BeforeProcessingInitializeOnLoad (307ms)
				ProcessInitializeOnLoadAttributes (904ms)
				ProcessInitializeOnLoadMethodAttributes (31ms)
				AfterProcessingInitializeOnLoad (1ms)
				EditorAssembliesLoaded (1ms)
			ExecutionOrderSort2 (0ms)
			AwakeInstancesAfterBackupRestoration (36ms)
Platform modules already initialized, skipping
Refreshing native plugins compatible for Editor in 0.30 ms, found 2 plugins.
Preloading 0 native plugins for Editor in 0.00 ms.
Unloading 1506 Unused Serialized files (Serialized files now loaded: 0)
System memory in use before: 194.7 MB.
System memory in use after: 194.8 MB.

Unloading 11 unused Assets to reduce memory usage. Loaded Objects now: 2009.
Total: 1.973041 ms (FindLiveObjects: 0.074792 ms CreateObjectMapping: 0.030958 ms MarkObjects: 1.842667 ms  DeleteObjects: 0.023708 ms)

AssetImportParameters requested are different than current active one (requested -> active):
  custom:video-decoder-ogg-theora: a1e56fd34408186e4bbccfd4996cb3dc -> 
  custom:container-muxer-webm: aa71ff27fc2769a1b78a27578f13a17b -> 
  custom:container-demuxer-webm: 4f35f7cbe854078d1ac9338744f61a02 -> 
  custom:container-demuxer-ogg: 62fdf1f143b41e24485cea50d1cbac27 -> 
  custom:video-encoder-webm-vp8: eb34c28f22e8b96e1ab97ce403110664 -> 
  custom:framework-osx-AVFoundation: e770b220cccbd017edd2c1fefb359320 -> 
  custom:video-decoder-webm-vp8: 9c59270c3fd7afecdb556c50c9e8de78 -> 
  custom:audio-decoder-ogg-vorbis: bf7c407c2cedff20999df2af8eb42d56 -> 
  custom:audio-encoder-webm-vorbis: bf7c407c2cedff20999df2af8eb42d56 -> 
========================================================================
Received Prepare
Registering precompiled user dll's ...
Registered in 0.005276 seconds.
Begin MonoManager ReloadAssembly
Native extension for OSXStandalone target not found
Native extension for WebGL target not found
Refreshing native plugins compatible for Editor in 0.32 ms, found 2 plugins.
Preloading 0 native plugins for Editor in 0.00 ms.
2022-04-25 16:36:03.360 Unity[40594:1069289] NSEventModifierFlagFunction specified to -setKeyEquivalentModifierMask: for item <NSMenuItem: 0x6000032b1420 Font Asset, ke='Command-F12'>, but is only supported for system-provided menu items; will not be used
Mono: successfully reloaded assembly
- Completed reload, in  2.536 seconds
Domain Reload Profiling:
	ReloadAssembly (2538ms)
		BeginReloadAssembly (305ms)
			ExecutionOrderSort (0ms)
			DisableScriptedObjects (52ms)
			BackupInstance (0ms)
			ReleaseScriptingObjects (0ms)
			CreateAndSetChildDomain (92ms)
		EndReloadAssembly (2128ms)
			LoadAssemblies (265ms)
			RebuildTransferFunctionScriptingTraits (0ms)
			SetupTypeCache (316ms)
			ReleaseScriptCaches (1ms)
			RebuildScriptCaches (54ms)
			SetupLoadedEditorAssemblies (1222ms)
				LogAssemblyErrors (0ms)
				InitializePlatformSupportModulesInManaged (19ms)
				SetLoadedEditorAssemblies (2ms)
				RefreshPlugins (0ms)
				BeforeProcessingInitializeOnLoad (323ms)
				ProcessInitializeOnLoadAttributes (848ms)
				ProcessInitializeOnLoadMethodAttributes (28ms)
				AfterProcessingInitializeOnLoad (1ms)
				EditorAssembliesLoaded (1ms)
			ExecutionOrderSort2 (0ms)
			AwakeInstancesAfterBackupRestoration (34ms)
Platform modules already initialized, skipping
Refreshing native plugins compatible for Editor in 0.27 ms, found 2 plugins.
Preloading 0 native plugins for Editor in 0.00 ms.
Unloading 1506 Unused Serialized files (Serialized files now loaded: 0)
System memory in use before: 194.8 MB.
System memory in use after: 195.0 MB.

Unloading 11 unused Assets to reduce memory usage. Loaded Objects now: 2011.
Total: 1.903125 ms (FindLiveObjects: 0.073791 ms CreateObjectMapping: 0.030292 ms MarkObjects: 1.778292 ms  DeleteObjects: 0.019959 ms)

AssetImportParameters requested are different than current active one (requested -> active):
  custom:video-decoder-ogg-theora: a1e56fd34408186e4bbccfd4996cb3dc -> 
  custom:container-muxer-webm: aa71ff27fc2769a1b78a27578f13a17b -> 
  custom:container-demuxer-webm: 4f35f7cbe854078d1ac9338744f61a02 -> 
  custom:container-demuxer-ogg: 62fdf1f143b41e24485cea50d1cbac27 -> 
  custom:video-encoder-webm-vp8: eb34c28f22e8b96e1ab97ce403110664 -> 
  custom:framework-osx-AVFoundation: e770b220cccbd017edd2c1fefb359320 -> 
  custom:video-decoder-webm-vp8: 9c59270c3fd7afecdb556c50c9e8de78 -> 
  custom:audio-decoder-ogg-vorbis: bf7c407c2cedff20999df2af8eb42d56 -> 
  custom:audio-encoder-webm-vorbis: bf7c407c2cedff20999df2af8eb42d56 -> 
========================================================================
Received Prepare
Registering precompiled user dll's ...
Registered in 0.001200 seconds.
Begin MonoManager ReloadAssembly
Native extension for OSXStandalone target not found
Native extension for WebGL target not found
Refreshing native plugins compatible for Editor in 0.35 ms, found 2 plugins.
Preloading 0 native plugins for Editor in 0.00 ms.
Obtained 30 stack frames.
#0  0x00000102dbe184 in -[CocoaMainMenu isUsingForwarderTarget:]
#1  0x00000102dbead4 in -[CocoaMainMenu rebuildMainMenu]
#2  0x00000101cc988b in AssembliesWasReloaded()
#3  0x00000100903b49 in CallbackArray::Invoke()
#4  0x000001011c48a1 in ProfilerCallbackInvoke<CallbackArray, &(GlobalCallbacks::beforeProcessingInitializeOnLoad)>::Invoke(char const*)
#5  0x000001011c44b7 in MonoManager::SetupLoadedEditorAssemblies(dynamic_array<int, 0ul> const&)
#6  0x000001011c6cb8 in MonoManager::EndReloadAssembly(DomainReloadingData&, dynamic_bitset)
#7  0x000001011c4bec in MonoManager::ReloadAssembly()
#8  0x00000101dbe5b0 in LoadDomainAndUserAssemblies(bool)
#9  0x00000101dc0e5f in LoadUserAssemblies()
#10 0x0000010200f179 in AssetImportWorkerClient::ReloadMonoDomain(AssetResolver&)
#11 0x000001020317bc in invocation function for block in AssetImportWorkerClient::HandleMessage(PrepareMessage const&)::$_5::operator()() const
#12 0x007ff80b6f2317 in _dispatch_client_callout
#13 0x007ff80b6ff8ad in _dispatch_async_and_wait_invoke
#14 0x007ff80b6f2317 in _dispatch_client_callout
#15 0x007ff80b6fec78 in _dispatch_main_queue_drain
#16 0x007ff80b6fe8bb in _dispatch_main_queue_callback_4CF
#17 0x007ff80b9ad6ca in __CFRUNLOOP_IS_SERVICING_THE_MAIN_DISPATCH_QUEUE__
#18 0x007ff80b96ea1b in __CFRunLoopRun
#19 0x007ff80b96d884 in CFRunLoopRunSpecific
#20 0x007ff814a63ce6 in RunCurrentEventLoopInMode
#21 0x007ff814a63a4a in ReceiveNextEventCommon
#22 0x007ff814a637e5 in _BlockUntilNextEventMatchingListInModeWithFilter
#23 0x007ff80e2cb53d in _DPSNextEvent
#24 0x007ff80e2c9bfa in -[NSApplication(NSEvent) _nextEventMatchingEventMask:untilDate:inMode:dequeue:]
#25 0x007ff80e2bc2a9 in -[NSApplication run]
#26 0x007ff80e290227 in NSApplicationMain
#27 0x00000102de7321 in EditorMain(int, char const**)
#28 0x00000102de7549 in main
#29 0x00000206e1651e in (Unknown)
